

> chowvest-admin@0.1.0 build /Users/user/Documents/Carews projects/chowvest_prod_v1/apps/admin
> next build

[1m[38;2;173;127;168m▲ Next.js 16.2.1[39m[22m (Turbopack)
- Environments: .env

[33m[1m⚠[22m[39m The "middleware" file convention is deprecated. Please use "proxy" instead. Learn more: https://nextjs.org/docs/messages/middleware-to-proxy
[37m[1m [22m[39m Creating an optimized production build ...
[32m[1m✓[22m[39m Compiled successfully in 6.9s
[?25l[37m[1m [22m[39m Running TypeScript  [36m.[39m[2K[1G[37m[1m [22m[39m Running TypeScript  [36m..[39m[2K[1G[37m[1m [22m[39m Running TypeScript  [36m...[39m[2K[1G[37m[1m [22m[39m Running TypeScript  [36m.[39m[2K[1G[37m[1m [22m[39m Running TypeScript  [36m..[39m[2K[1G[37m[1m [22m[39m Running TypeScript  [36m...[39m[2K[1G[37m[1m [22m[39m Running TypeScript  [36m.[39m[2K[1G[37m[1m [22m[39m Running TypeScript  [36m..[39m[2K[1G[37m[1m [22m[39m Running TypeScript  [36m...[39m[2K[1G[37m[1m [22m[39m Running TypeScript  [36m.[39m[2K[1G[37m[1m [22m[39m Running TypeScript  [36m..[39m[2K[1G[37m[1m [22m[39m Running TypeScript  [36m...[39m[2K[1G[37m[1m [22m[39m Running TypeScript  [36m.[39m[2K[1G[37m[1m [22m[39m Running TypeScript  [36m..[39m[2K[1G[37m[1m [22m[39m Running TypeScript  [36m...[39m[2K[1G[37m[1m [22m[39m Running TypeScript  [36m.[39m[2K[1G[37m[1m [22m[39m Running TypeScript  [36m..[39m[2K[1G[37m[1m [22m[39m Running TypeScript  [36m...[39m[2K[1G[37m[1m [22m[39m Running TypeScript  [36m.[39m[2K[1G[37m[1m [22m[39m Running TypeScript  [36m..[39m[2K[1G[37m[1m [22m[39m Running TypeScript  [36m...[39m[2K[1G[37m[1m [22m[39m Running TypeScript  [36m.[39m[2K[1G[37m[1m [22m[39m Running TypeScript  [36m..[39m[2K[1G[37m[1m [22m[39m Running TypeScript  [36m...[39m[2K[1G[37m[1m [22m[39m Running TypeScript  [36m.[39m[2K[1G[37m[1m [22m[39m Running TypeScript  [36m..[39m[2K[1G[37m[1m [22m[39m Running TypeScript  [36m...[39m[2K[1G[37m[1m [22m[39m Running TypeScript  [36m.[39m[2K[1G[37m[1m [22m[39m Running TypeScript  [36m..[39m[2K[1G[37m[1m [22m[39m Running TypeScript  [36m...[39m[2K[1G[37m[1m [22m[39m Running TypeScript  [36m.[39m[2K[1G[37m[1m [22m[39m Running TypeScript  [36m..[39m[2K[1G[37m[1m [22m[39m Running TypeScript  [36m...[39m[2K[1G[37m[1m [22m[39m Running TypeScript  [36m.[39m[2K[1G[37m[1m [22m[39m Running TypeScript  [36m..[39m[2K[1G[37m[1m [22m[39m Running TypeScript  [36m...[39m[2K[1G[37m[1m [22m[39m Running TypeScript  [36m.[39m[2K[1G[37m[1m [22m[39m Running TypeScript  [36m..[39m[2K[1G[37m[1m [22m[39m Running TypeScript  [36m...[39m[2K[1G[37m[1m [22m[39m Running TypeScript  [36m.[39m[2K[1G[37m[1m [22m[39m Running TypeScript  [36m..[39m[2K[1G[37m[1m [22m[39m Running TypeScript  [36m...[39m[2K[1G[?25h[?25l[37m[1m [22m[39m Finished TypeScript in 8.4s  [36m.[39m[2K[1G[?25h[37m[1m [22m[39m Finished TypeScript in 8.4s    [32m[1m✓[22m[39m Finished TypeScript in 8.4s 
[?25l[37m[1m [22m[39m Collecting page data using 7 workers  [36m.[39m[2K[1G[37m[1m [22m[39m Collecting page data using 7 workers  [36m..[39m[2K[1G[37m[1m [22m[39m Collecting page data using 7 workers  [36m...[39m[2K[1G[37m[1m [22m[39m Collecting page data using 7 workers  [36m.[39m[2K[1G[37m[1m [22m[39m Collecting page data using 7 workers  [36m..[39m[2K[1G[37m[1m [22m[39m Collecting page data using 7 workers  [36m...[39m[2K[1G[37m[1m [22m[39m Collecting page data using 7 workers  [36m.[39m[2K[1G[37m[1m [22m[39m Collecting page data using 7 workers  [36m..[39m[2K[1G[?25h[37m[1m [22m[39m Collecting page data using 7 workers in 1432ms    [32m[1m✓[22m[39m Collecting page data using 7 workers in 1432ms 
[?25l[37m[1m [22m[39m Generating static pages using 7 workers (0/14)  [36m[    ][39m[2K[1G[37m[1m [22m[39m Generating static pages using 7 workers (0/14)  [36m[=   ][39m[2K[1G[37m[1m [22m[39m Generating static pages using 7 workers (5/14)  [36m[==  ][39m[2K[1G[37m[1m [22m[39m Generating static pages using 7 workers (5/14)  [36m[=== ][39m[2K[1G[37m[1m [22m[39m Generating static pages using 7 workers (5/14)  [36m[ ===][39m[2K[1G[37m[1m [22m[39m Generating static pages using 7 workers (5/14)  [36m[  ==][39m[2K[1G[37m[1m [22m[39m Generating static pages using 7 workers (5/14)  [36m[   =][39m[2K[1G[37m[1m [22m[39m Generating static pages using 7 workers (5/14)  [36m[    ][39m[2K[1G[37m[1m [22m[39m Generating static pages using 7 workers (5/14)  [36m[   =][39m[2K[1G[37m[1m [22m[39m Generating static pages using 7 workers (7/14)  [36m[  ==][39m[2K[1G[37m[1m [22m[39m Generating static pages using 7 workers (7/14)  [36m[ ===][39m[2K[1G[37m[1m [22m[39m Generating static pages using 7 workers (8/14)  [36m[====][39m[2K[1G[37m[1m [22m[39m Generating static pages using 7 workers (12/14)  [36m[=== ][39m[2K[1G[37m[1m [22m[39m Generating static pages using 7 workers (12/14)  [36m[==  ][39m[2K[1G[37m[1m [22m[39m Generating static pages using 7 workers (12/14)  [36m[=   ][39m[2K[1G[37m[1m [22m[39m Generating static pages using 7 workers (12/14)  [36m[    ][39m[2K[1G[37m[1m [22m[39m Generating static pages using 7 workers (13/14)  [36m[=   ][39m[2K[1G[?25h[32m[1m✓[22m[39m Generating static pages using 7 workers (14/14) in 3.3s
[?25l[37m[1m [22m[39m Finalizing page optimization  [36m.[39m[2K[1G[?25h[37m[1m [22m[39m Finalizing page optimization in 29ms    [32m[1m✓[22m[39m Finalizing page optimization in 29ms 

[4mRoute (app)[24m
┌ ƒ /
├ ○ /_not-found
├ ○ /dashboard
├ ƒ /deliveries
├ ƒ /deliveries/[id]
├ ƒ /deliveries/logistics
├ ƒ /finances
├ ƒ /goals
├ ○ /login
├ ○ /login/login
├ ƒ /market
├ ƒ /market/marketplace
├ ƒ /market/savings
├ ƒ /users
└ ƒ /users/[id]


ƒ Proxy (Middleware)

○  (Static)   prerendered as static content
ƒ  (Dynamic)  server-rendered on demand

[?25h
