
> chowvest-prod@0.1.0 build /Users/user/Documents/CarewsProjects/Websites/chowvest_prod_v1/apps/web
> next build

[1m[38;2;173;127;168m▲ Next.js 16.2.1[39m[22m (Turbopack)
- Environments: .env
- Experiments (use with caution):
  · clientTraceMetadata

[33m[1m⚠[22m[39m The "middleware" file convention is deprecated. Please use "proxy" instead. Learn more: https://nextjs.org/docs/messages/middleware-to-proxy
[37m[1m [22m[39m Creating an optimized production build ...
[32m[1m✓[22m[39m Compiled successfully in 19.5s
[?25l[37m[1m [22m[39m Running next.config.js provided runAfterProductionCompile  [36m.[39m[2K[1G[1A[2K[1G[37m[1m [22m[39m Running next.config.js provided runAfterProductionCompile  [36m..[39m[2K[1G[1A[2K[1G[37m[1m [22m[39m Running next.config.js provided runAfterProductionCompile  [36m...[39m[2K[1G[1A[2K[1G[37m[1m [22m[39m Running next.config.js provided runAfterProductionCompile  [36m.[39m[2K[1G[1A[2K[1G[37m[1m [22m[39m Running next.config.js provided runAfterProductionCompile  [36m..[39m[2K[1G[1A[2K[1G[37m[1m [22m[39m Running next.config.js provided runAfterProductionCompile  [36m...[39m[2K[1G[1A[2K[1G[37m[1m [22m[39m Running next.config.js provided runAfterProductionCompile  [36m.[39m[2K[1G[1A[2K[1G[37m[1m [22m[39m Running next.config.js provided runAfterProductionCompile  [36m..[39m[2K[1G[1A[2K[1G[37m[1m [22m[39m Running next.config.js provided runAfterProductionCompile  [36m...[39m[2K[1G[1A[2K[1G[37m[1m [22m[39m Running next.config.js provided runAfterProductionCompile  [36m.[39m[2K[1G[1A[2K[1G[37m[1m [22m[39m Running next.config.js provided runAfterProductionCompile  [36m..[39m[2K[1G[1A[2K[1G[37m[1m [22m[39m Running next.config.js provided runAfterProductionCompile  [36m...[39m[2K[1G[1A[2K[1G[37m[1m [22m[39m Running next.config.js provided runAfterProductionCompile  [36m.[39m[2K[1G[1A[2K[1G[37m[1m [22m[39m Running next.config.js provided runAfterProductionCompile  [36m..[39m[2K[1G[1A[2K[1G[37m[1m [22m[39m Running next.config.js provided runAfterProductionCompile  [36m...[39m[2K[1G[1A[2K[1G[37m[1m [22m[39m Running next.config.js provided runAfterProductionCompile  [36m.[39m[2K[1G[1A[2K[1G[37m[1m [22m[39m Running next.config.js provided runAfterProductionCompile  [36m..[39m[2K[1G[1A[2K[1G[37m[1m [22m[39m Running next.config.js provided runAfterProductionCompile  [36m...[39m[2K[1G[1A[2K[1G[37m[1m [22m[39m Running next.config.js provided runAfterProductionCompile  [36m.[39m[2K[1G[1A[2K[1G[37m[1m [22m[39m Running next.config.js provided runAfterProductionCompile  [36m..[39m[2K[1G[1A[2K[1G[37m[1m [22m[39m Running next.config.js provided runAfterProductionCompile  [36m...[39m[2K[1G[1A[2K[1G[37m[1m [22m[39m Running next.config.js provided runAfterProductionCompile  [36m.[39m[2K[1G[1A[2K[1G[37m[1m [22m[39m Running next.config.js provided runAfterProductionCompile  [36m..[39m[2K[1G[1A[2K[1G[37m[1m [22m[39m Running next.config.js provided runAfterProductionCompile  [36m...[39m[2K[1G[1A[2K[1G[37m[1m [22m[39m Running next.config.js provided runAfterProductionCompile  [36m.[39m[2K[1G[1A[2K[1G[37m[1m [22m[39m Running next.config.js provided runAfterProductionCompile  [36m..[39m[2K[1G[1A[2K[1G[37m[1m [22m[39m Running next.config.js provided runAfterProductionCompile  [36m...[39m[2K[1G[1A[2K[1G[37m[1m [22m[39m Running next.config.js provided runAfterProductionCompile  [36m.[39m[2K[1G[1A[2K[1G[37m[1m [22m[39m Running next.config.js provided runAfterProductionCompile  [36m..[39m[2K[1G[1A[2K[1G[37m[1m [22m[39m Running next.config.js provided runAfterProductionCompile  [36m...[39m[2K[1G[1A[2K[1G[37m[1m [22m[39m Running next.config.js provided runAfterProductionCompile  [36m.[39m[2K[1G[1A[2K[1G[37m[1m [22m[39m Running next.config.js provided runAfterProductionCompile  [36m..[39m[2K[1G[1A[2K[1G[37m[1m [22m[39m Running next.config.js provided runAfterProductionCompile  [36m...[39m[2K[1G[1A[2K[1G[37m[1m [22m[39m Running next.config.js provided runAfterProductionCompile  [36m.[39m[2K[1G[1A[2K[1G[37m[1m [22m[39m Running next.config.js provided runAfterProductionCompile  [36m..[39m[2K[1G[1A[2K[1G[37m[1m [22m[39m Running next.config.js provided runAfterProductionCompile  [36m...[39m[2K[1G[1A[2K[1G[37m[1m [22m[39m Running next.config.js provided runAfterProductionCompile  [36m.[39m[2K[1G[1A[2K[1G[37m[1m [22m[39m Running next.config.js provided runAfterProductionCompile  [36m..[39m[2K[1G[1A[2K[1G[37m[1m [22m[39m Running next.config.js provided runAfterProductionCompile  [36m...[39m[2K[1G[1A[2K[1G[37m[1m [22m[39m Running next.config.js provided runAfterProductionCompile  [36m.[39m[2K[1G[1A[2K[1G[37m[1m [22m[39m Running next.config.js provided runAfterProductionCompile  [36m..[39m[2K[1G[1A[2K[1G[37m[1m [22m[39m Running next.config.js provided runAfterProductionCompile  [36m...[39m[2K[1G[1A[2K[1G[37m[1m [22m[39m Running next.config.js provided runAfterProductionCompile  [36m.[39m[2K[1G[1A[2K[1G[37m[1m [22m[39m Running next.config.js provided runAfterProductionCompile  [36m..[39m[2K[1G[1A[2K[1G[37m[1m [22m[39m Running next.config.js provided runAfterProductionCompile  [36m...[39m[2K[1G[1A[2K[1G[37m[1m [22m[39m Running next.config.js provided runAfterProductionCompile  [36m.[39m[2K[1G[1A[2K[1G[37m[1m [22m[39m Running next.config.js provided runAfterProductionCompile  [36m..[39m[2K[1G[1A[2K[1G[37m[1m [22m[39m Running next.config.js provided runAfterProductionCompile  [36m...[39m[2K[1G[1A[2K[1G[37m[1m [22m[39m Running next.config.js provided runAfterProductionCompile  [36m.[39m[2K[1G[1A[2K[1G[37m[1m [22m[39m Running next.config.js provided runAfterProductionCompile  [36m..[39m[2K[1G[1A[2K[1G[37m[1m [22m[39m Running next.config.js provided runAfterProductionCompile  [36m...[39m[2K[1G[1A[2K[1G[37m[1m [22m[39m Running next.config.js provided runAfterProductionCompile  [36m.[39m[2K[1G[1A[2K[1G[37m[1m [22m[39m Running next.config.js provided runAfterProductionCompile  [36m..[39m[2K[1G[1A[2K[1G[37m[1m [22m[39m Running next.config.js provided runAfterProductionCompile  [36m...[39m[2K[1G[1A[2K[1G[37m[1m [22m[39m Running next.config.js provided runAfterProductionCompile  [36m.[39m[2K[1G[1A[2K[1G[37m[1m [22m[39m Running next.config.js provided runAfterProductionCompile  [36m..[39m[2K[1G[1A[2K[1G[37m[1m [22m[39m Running next.config.js provided runAfterProductionCompile  [36m...[39m[2K[1G[1A[2K[1G[37m[1m [22m[39m Running next.config.js provided runAfterProductionCompile  [36m.[39m[2K[1G[1A[2K[1G[37m[1m [22m[39m Running next.config.js provided runAfterProductionCompile  [36m..[39m[2K[1G[1A[2K[1G[37m[1m [22m[39m Running next.config.js provided runAfterProductionCompile  [36m...[39m[2K[1G[1A[2K[1G[37m[1m [22m[39m Running next.config.js provided runAfterProductionCompile  [36m.[39m[2K[1G[1A[2K[1G[37m[1m [22m[39m Running next.config.js provided runAfterProductionCompile  [36m..[39m[2K[1G[1A[2K[1G[37m[1m [22m[39m Running next.config.js provided runAfterProductionCompile  [36m...[39m[2K[1G[1A[2K[1G[37m[1m [22m[39m Running next.config.js provided runAfterProductionCompile  [36m.[39m[2K[1G[1A[2K[1G[37m[1m [22m[39m Running next.config.js provided runAfterProductionCompile  [36m..[39m[2K[1G[1A[2K[1G[37m[1m [22m[39m Running next.config.js provided runAfterProductionCompile  [36m...[39m[2K[1G[1A[2K[1G[37m[1m [22m[39m Running next.config.js provided runAfterProductionCompile  [36m.[39m[2K[1G[1A[2K[1G[37m[1m [22m[39m Running next.config.js provided runAfterProductionCompile  [36m..[39m[2K[1G[1A[2K[1G[37m[1m [22m[39m Running next.config.js provided runAfterProductionCompile  [36m...[39m[2K[1G[1A[2K[1G[37m[1m [22m[39m Running next.config.js provided runAfterProductionCompile  [36m.[39m[2K[1G[1A[2K[1G[37m[1m [22m[39m Running next.config.js provided runAfterProductionCompile  [36m..[39m[2K[1G[1A[2K[1G[37m[1m [22m[39m Running next.config.js provided runAfterProductionCompile  [36m...[39m[2K[1G[1A[2K[1G[37m[1m [22m[39m Running next.config.js provided runAfterProductionCompile  [36m.[39m[2K[1G[1A[2K[1G[37m[1m [22m[39m Running next.config.js provided runAfterProductionCompile  [36m..[39m[2K[1G[1A[2K[1G[37m[1m [22m[39m Running next.config.js provided runAfterProductionCompile  [36m...[39m[2K[1G[1A[2K[1G[37m[1m [22m[39m Running next.config.js provided runAfterProductionCompile  [36m.[39m[2K[1G[1A[2K[1G[37m[1m [22m[39m Running next.config.js provided runAfterProductionCompile  [36m..[39m[2K[1G[1A[2K[1G[37m[1m [22m[39m Running next.config.js provided runAfterProductionCompile  [36m...[39m[2K[1G[1A[2K[1G[37m[1m [22m[39m Running next.config.js provided runAfterProductionCompile  [36m.[39m[2K[1G[1A[2K[1G[37m[1m [22m[39m Running next.config.js provided runAfterProductionCompile  [36m..[39m[2K[1G[1A[2K[1G[37m[1m [22m[39m Running next.config.js provided runAfterProductionCompile  [36m...[39m[2K[1G[1A[2K[1G[37m[1m [22m[39m Running next.config.js provided runAfterProductionCompile  [36m.[39m[2K[1G[1A[2K[1G[37m[1m [22m[39m Running next.config.js provided runAfterProductionCompile  [36m..[39m[2K[1G[1A[2K[1G[37m[1m [22m[39m Running next.config.js provided runAfterProductionCompile  [36m...[39m[2K[1G[1A[2K[1G[37m[1m [22m[39m Running next.config.js provided runAfterProductionCompile  [36m.[39m[2K[1G[1A[2K[1G[37m[1m [22m[39m Running next.config.js provided runAfterProductionCompile  [36m..[39m[2K[1G[1A[2K[1G[37m[1m [22m[39m Running next.config.js provided runAfterProductionCompile  [36m...[39m[2K[1G[1A[2K[1G[37m[1m [22m[39m Running next.config.js provided runAfterProductionCompile  [36m.[39m[2K[1G[1A[2K[1G[37m[1m [22m[39m Running next.config.js provided runAfterProductionCompile  [36m..[39m[2K[1G[1A[2K[1G[37m[1m [22m[39m Running next.config.js provided runAfterProductionCompile  [36m...[39m[2K[1G[1A[2K[1G[37m[1m [22m[39m Running next.config.js provided runAfterProductionCompile  [36m.[39m[2K[1G[1A[2K[1G[37m[1m [22m[39m Running next.config.js provided runAfterProductionCompile  [36m..[39m[2K[1G[1A[2K[1G[37m[1m [22m[39m Running next.config.js provided runAfterProductionCompile  [36m...[39m[2K[1G[1A[2K[1G[37m[1m [22m[39m Running next.config.js provided runAfterProductionCompile  [36m.[39m[2K[1G[1A[2K[1G[37m[1m [22m[39m Running next.config.js provided runAfterProductionCompile  [36m..[39m[2K[1G[1A[2K[1G[37m[1m [22m[39m Running next.config.js provided runAfterProductionCompile  [36m...[39m[2K[1G[1A[2K[1G[37m[1m [22m[39m Running next.config.js provided runAfterProductionCompile  [36m.[39m[2K[1G[1A[2K[1G[37m[1m [22m[39m Running next.config.js provided runAfterProductionCompile  [36m..[39m[2K[1G[1A[2K[1G[37m[1m [22m[39m Running next.config.js provided runAfterProductionCompile  [36m...[39m[2K[1G[1A[2K[1G[37m[1m [22m[39m Running next.config.js provided runAfterProductionCompile  [36m.[39m[2K[1G[1A[2K[1G[37m[1m [22m[39m Running next.config.js provided runAfterProductionCompile  [36m..[39m[2K[1G[1A[2K[1G[37m[1m [22m[39m Running next.config.js provided runAfterProductionCompile  [36m...[39m[2K[1G[1A[2K[1G[37m[1m [22m[39m Running next.config.js provided runAfterProductionCompile  [36m.[39m[2K[1G[1A[2K[1G[37m[1m [22m[39m Running next.config.js provided runAfterProductionCompile  [36m..[39m[2K[1G[1A[2K[1G[37m[1m [22m[39m Running next.config.js provided runAfterProductionCompile  [36m...[39m[2K[1G[1A[2K[1G[37m[1m [22m[39m Running next.config.js provided runAfterProductionCompile  [36m.[39m[2K[1G[1A[2K[1G[37m[1m [22m[39m Running next.config.js provided runAfterProductionCompile  [36m..[39m[2K[1G[1A[2K[1G[37m[1m [22m[39m Running next.config.js provided runAfterProductionCompile  [36m...[39m[2K[1G[1A[2K[1G[37m[1m [22m[39m Running next.config.js provided runAfterProductionCompile  [36m.[39m[2K[1G[1A[2K[1G[37m[1m [22m[39m Running next.config.js provided runAfterProductionCompile  [36m..[39m[2K[1G[1A[2K[1G[37m[1m [22m[39m Running next.config.js provided runAfterProductionCompile  [36m...[39m[2K[1G[1A[2K[1G[37m[1m [22m[39m Running next.config.js provided runAfterProductionCompile  [36m.[39m[2K[1G[1A[2K[1G[37m[1m [22m[39m Running next.config.js provided runAfterProductionCompile  [36m..[39m[2K[1G[1A[2K[1G[37m[1m [22m[39m Running next.config.js provided runAfterProductionCompile  [36m...[39m[2K[1G[1A[2K[1G[37m[1m [22m[39m Running next.config.js provided runAfterProductionCompile  [36m.[39m[2K[1G[1A[2K[1G[37m[1m [22m[39m Running next.config.js provided runAfterProductionCompile  [36m..[39m[2K[1G[1A[2K[1G[37m[1m [22m[39m Running next.config.js provided runAfterProductionCompile  [36m...[39m[2K[1G[1A[2K[1G[37m[1m [22m[39m Running next.config.js provided runAfterProductionCompile  [36m.[39m[2K[1G[1A[2K[1G[37m[1m [22m[39m Running next.config.js provided runAfterProductionCompile  [36m..[39m[2K[1G[1A[2K[1G[37m[1m [22m[39m Running next.config.js provided runAfterProductionCompile  [36m...[39m[2K[1G[1A[2K[1G[37m[1m [22m[39m Running next.config.js provided runAfterProductionCompile  [36m.[39m[2K[1G[1A[2K[1G[37m[1m [22m[39m Running next.config.js provided runAfterProductionCompile  [36m..[39m[2K[1G[1A[2K[1G[37m[1m [22m[39m Running next.config.js provided runAfterProductionCompile  [36m...[39m[2K[1G[1A[2K[1G[37m[1m [22m[39m Running next.config.js provided runAfterProductionCompile  [36m.[39m[2K[1G[1A[2K[1G[37m[1m [22m[39m Running next.config.js provided runAfterProductionCompile  [36m..[39m[2K[1G[1A[2K[1G[37m[1m [22m[39m Running next.config.js provided runAfterProductionCompile  [36m...[39m[2K[1G[1A[2K[1G[37m[1m [22m[39m Running next.config.js provided runAfterProductionCompile  [36m.[39m[2K[1G[1A[2K[1G[37m[1m [22m[39m Running next.config.js provided runAfterProductionCompile  [36m..[39m[2K[1G[1A[2K[1G[37m[1m [22m[39m Running next.config.js provided runAfterProductionCompile  [36m...[39m[2K[1G[1A[2K[1G[37m[1m [22m[39m Running next.config.js provided runAfterProductionCompile  [36m.[39m[2K[1G[1A[2K[1G[37m[1m [22m[39m Running next.config.js provided runAfterProductionCompile  [36m..[39m[2K[1G[1A[2K[1G[37m[1m [22m[39m Running next.config.js provided runAfterProductionCompile  [36m...[39m[2K[1G[1A[2K[1G[37m[1m [22m[39m Running next.config.js provided runAfterProductionCompile  [36m.[39m[2K[1G[1A[2K[1G[37m[1m [22m[39m Running next.config.js provided runAfterProductionCompile  [36m..[39m[2K[1G[1A[2K[1G[37m[1m [22m[39m Running next.config.js provided runAfterProductionCompile  [36m...[39m[2K[1G[1A[2K[1G[?25h[32m[1m✓[22m[39m Completed runAfterProductionCompile in 27.1s
[?25l [36m.[39m [2K[1G[?25h[?25l[37m[1m [22m[39m Running TypeScript  [36m.[39m[2K[1G[37m[1m [22m[39m Running TypeScript  [36m..[39m[2K[1G[37m[1m [22m[39m Running TypeScript  [36m...[39m[2K[1G[37m[1m [22m[39m Running TypeScript  [36m.[39m[2K[1G[37m[1m [22m[39m Running TypeScript  [36m..[39m[2K[1G[37m[1m [22m[39m Running TypeScript  [36m...[39m[2K[1G[37m[1m [22m[39m Running TypeScript  [36m.[39m[2K[1G[37m[1m [22m[39m Running TypeScript  [36m..[39m[2K[1G[37m[1m [22m[39m Running TypeScript  [36m...[39m[2K[1G[37m[1m [22m[39m Running TypeScript  [36m.[39m[2K[1G[37m[1m [22m[39m Running TypeScript  [36m..[39m[2K[1G[37m[1m [22m[39m Running TypeScript  [36m...[39m[2K[1G[37m[1m [22m[39m Running TypeScript  [36m.[39m[2K[1G[37m[1m [22m[39m Running TypeScript  [36m..[39m[2K[1G[37m[1m [22m[39m Running TypeScript  [36m...[39m[2K[1G[37m[1m [22m[39m Running TypeScript  [36m.[39m[2K[1G[37m[1m [22m[39m Running TypeScript  [36m..[39m[2K[1G[37m[1m [22m[39m Running TypeScript  [36m...[39m[2K[1G[37m[1m [22m[39m Running TypeScript  [36m.[39m[2K[1G[37m[1m [22m[39m Running TypeScript  [36m..[39m[2K[1G[37m[1m [22m[39m Running TypeScript  [36m...[39m[2K[1G[37m[1m [22m[39m Running TypeScript  [36m.[39m[2K[1G[37m[1m [22m[39m Running TypeScript  [36m..[39m[2K[1G[37m[1m [22m[39m Running TypeScript  [36m...[39m[2K[1G[37m[1m [22m[39m Running TypeScript  [36m.[39m[2K[1G[37m[1m [22m[39m Running TypeScript  [36m..[39m[2K[1G[37m[1m [22m[39m Running TypeScript  [36m...[39m[2K[1G[37m[1m [22m[39m Running TypeScript  [36m.[39m[2K[1G[37m[1m [22m[39m Running TypeScript  [36m..[39m[2K[1G[37m[1m [22m[39m Running TypeScript  [36m...[39m[2K[1G[37m[1m [22m[39m Running TypeScript  [36m.[39m[2K[1G[37m[1m [22m[39m Running TypeScript  [36m..[39m[2K[1G[37m[1m [22m[39m Running TypeScript  [36m...[39m[2K[1G[37m[1m [22m[39m Running TypeScript  [36m.[39m[2K[1G[37m[1m [22m[39m Running TypeScript  [36m..[39m[2K[1G[37m[1m [22m[39m Running TypeScript  [36m...[39m[2K[1G[37m[1m [22m[39m Running TypeScript  [36m.[39m[2K[1G[37m[1m [22m[39m Running TypeScript  [36m..[39m[2K[1G[37m[1m [22m[39m Running TypeScript  [36m...[39m[2K[1G[37m[1m [22m[39m Running TypeScript  [36m.[39m[2K[1G[37m[1m [22m[39m Running TypeScript  [36m..[39m[2K[1G[37m[1m [22m[39m Running TypeScript  [36m...[39m[2K[1G[37m[1m [22m[39m Running TypeScript  [36m.[39m[2K[1G[37m[1m [22m[39m Running TypeScript  [36m..[39m[2K[1G[37m[1m [22m[39m Running TypeScript  [36m...[39m[2K[1G[37m[1m [22m[39m Running TypeScript  [36m.[39m[2K[1G[37m[1m [22m[39m Running TypeScript  [36m..[39m[2K[1G[37m[1m [22m[39m Running TypeScript  [36m...[39m[2K[1G[37m[1m [22m[39m Running TypeScript  [36m.[39m[2K[1G[37m[1m [22m[39m Running TypeScript  [36m..[39m[2K[1G[37m[1m [22m[39m Running TypeScript  [36m...[39m[2K[1G[37m[1m [22m[39m Running TypeScript  [36m.[39m[2K[1G[37m[1m [22m[39m Running TypeScript  [36m..[39m[2K[1G[37m[1m [22m[39m Running TypeScript  [36m...[39m[2K[1G[37m[1m [22m[39m Running TypeScript  [36m.[39m[2K[1G[37m[1m [22m[39m Running TypeScript  [36m..[39m[2K[1G[37m[1m [22m[39m Running TypeScript  [36m...[39m[2K[1G[37m[1m [22m[39m Running TypeScript  [36m.[39m[2K[1G[37m[1m [22m[39m Running TypeScript  [36m..[39m[2K[1G[37m[1m [22m[39m Running TypeScript  [36m...[39m[2K[1G[37m[1m [22m[39m Running TypeScript  [36m.[39m[2K[1G[37m[1m [22m[39m Running TypeScript  [36m..[39m[2K[1G[37m[1m [22m[39m Running TypeScript  [36m...[39m[2K[1G[37m[1m [22m[39m Running TypeScript  [36m.[39m[2K[1G[37m[1m [22m[39m Running TypeScript  [36m..[39m[2K[1G[37m[1m [22m[39m Running TypeScript  [36m...[39m[2K[1G[37m[1m [22m[39m Running TypeScript  [36m.[39m[2K[1G[37m[1m [22m[39m Running TypeScript  [36m..[39m[2K[1G[37m[1m [22m[39m Running TypeScript  [36m...[39m[2K[1G[37m[1m [22m[39m Running TypeScript  [36m.[39m[2K[1G[37m[1m [22m[39m Running TypeScript  [36m..[39m[2K[1G[37m[1m [22m[39m Running TypeScript  [36m...[39m[2K[1G[37m[1m [22m[39m Running TypeScript  [36m.[39m[2K[1G[37m[1m [22m[39m Running TypeScript  [36m..[39m[2K[1G[37m[1m [22m[39m Running TypeScript  [36m...[39m[2K[1G[37m[1m [22m[39m Running TypeScript  [36m.[39m[2K[1G[37m[1m [22m[39m Running TypeScript  [36m..[39m[2K[1G[37m[1m [22m[39m Running TypeScript  [36m...[39m[2K[1G[37m[1m [22m[39m Running TypeScript  [36m.[39m[2K[1G[37m[1m [22m[39m Running TypeScript  [36m..[39m[2K[1G[37m[1m [22m[39m Running TypeScript  [36m...[39m[2K[1G[37m[1m [22m[39m Running TypeScript  [36m.[39m[2K[1G[37m[1m [22m[39m Running TypeScript  [36m..[39m[2K[1G[37m[1m [22m[39m Running TypeScript  [36m...[39m[2K[1G[37m[1m [22m[39m Running TypeScript  [36m.[39m[2K[1G[37m[1m [22m[39m Running TypeScript  [36m..[39m[2K[1G[37m[1m [22m[39m Running TypeScript  [36m...[39m[2K[1G[37m[1m [22m[39m Running TypeScript  [36m.[39m[2K[1G[37m[1m [22m[39m Running TypeScript  [36m..[39m[2K[1G[37m[1m [22m[39m Running TypeScript  [36m...[39m[2K[1G[37m[1m [22m[39m Running TypeScript  [36m.[39m[2K[1G[37m[1m [22m[39m Running TypeScript  [36m..[39m[2K[1G[37m[1m [22m[39m Running TypeScript  [36m...[39m[2K[1G[37m[1m [22m[39m Running TypeScript  [36m.[39m[2K[1G[37m[1m [22m[39m Running TypeScript  [36m..[39m[2K[1G[37m[1m [22m[39m Running TypeScript  [36m...[39m[2K[1G[37m[1m [22m[39m Running TypeScript  [36m.[39m[2K[1G[37m[1m [22m[39m Running TypeScript  [36m..[39m[2K[1G[37m[1m [22m[39m Running TypeScript  [36m...[39m[2K[1G[37m[1m [22m[39m Running TypeScript  [36m.[39m[2K[1G[37m[1m [22m[39m Running TypeScript  [36m..[39m[2K[1G[37m[1m [22m[39m Running TypeScript  [36m...[39m[2K[1G[37m[1m [22m[39m Running TypeScript  [36m.[39m[2K[1G[37m[1m [22m[39m Running TypeScript  [36m..[39m[2K[1G[37m[1m [22m[39m Running TypeScript  [36m...[39m[2K[1G[37m[1m [22m[39m Running TypeScript  [36m.[39m[2K[1G[37m[1m [22m[39m Running TypeScript  [36m..[39m[2K[1G[37m[1m [22m[39m Running TypeScript  [36m...[39m[2K[1G[37m[1m [22m[39m Running TypeScript  [36m.[39m[2K[1G[37m[1m [22m[39m Running TypeScript  [36m..[39m[2K[1G[37m[1m [22m[39m Running TypeScript  [36m...[39m[2K[1G[37m[1m [22m[39m Running TypeScript  [36m.[39m[2K[1G[37m[1m [22m[39m Running TypeScript  [36m..[39m[2K[1G[37m[1m [22m[39m Running TypeScript  [36m...[39m[2K[1G[37m[1m [22m[39m Running TypeScript  [36m.[39m[2K[1G[37m[1m [22m[39m Running TypeScript  [36m..[39m[2K[1G[37m[1m [22m[39m Running TypeScript  [36m...[39m[2K[1G[?25h[?25l[37m[1m [22m[39m Finished TypeScript in 23.6s  [36m.[39m[2K[1G[?25h[37m[1m [22m[39m Finished TypeScript in 23.6s    [32m[1m✓[22m[39m Finished TypeScript in 23.6s 
[?25l[37m[1m [22m[39m Collecting page data using 7 workers  [36m.[39m[2K[1G[37m[1m [22m[39m Collecting page data using 7 workers  [36m..[39m[2K[1G[37m[1m [22m[39m Collecting page data using 7 workers  [36m...[39m[2K[1G[37m[1m [22m[39m Collecting page data using 7 workers  [36m.[39m[2K[1G[37m[1m [22m[39m Collecting page data using 7 workers  [36m..[39m[2K[1G[37m[1m [22m[39m Collecting page data using 7 workers  [36m...[39m[2K[1G[37m[1m [22m[39m Collecting page data using 7 workers  [36m.[39m[2K[1G[37m[1m [22m[39m Collecting page data using 7 workers  [36m..[39m[2K[1G[37m[1m [22m[39m Collecting page data using 7 workers  [36m...[39m[2K[1G[37m[1m [22m[39m Collecting page data using 7 workers  [36m.[39m[2K[1G[37m[1m [22m[39m Collecting page data using 7 workers  [36m..[39m[2K[1G[37m[1m [22m[39m Collecting page data using 7 workers  [36m...[39m[2K[1G[37m[1m [22m[39m Collecting page data using 7 workers  [36m.[39m[2K[1G[37m[1m [22m[39m Collecting page data using 7 workers  [36m..[39m[2K[1G[37m[1m [22m[39m Collecting page data using 7 workers  [36m...[39m[2K[1G[37m[1m [22m[39m Collecting page data using 7 workers  [36m.[39m[2K[1G[37m[1m [22m[39m Collecting page data using 7 workers  [36m..[39m[2K[1G[?25h[37m[1m [22m[39m Collecting page data using 7 workers in 3.3s    [32m[1m✓[22m[39m Collecting page data using 7 workers in 3.3s 
[?25l[37m[1m [22m[39m Generating static pages using 7 workers (0/40)  [36m[    ][39m[2K[1G[37m[1m [22m[39m Generating static pages using 7 workers (12/40)  [36m[=   ][39m[2K[1G[37m[1m [22m[39m Generating static pages using 7 workers (12/40)  [36m[==  ][39m[2K[1G[37m[1m [22m[39m Generating static pages using 7 workers (21/40)  [36m[=== ][39m[2K[1G[37m[1m [22m[39m Generating static pages using 7 workers (28/40)  [36m[ ===][39m[2K[1G[?25hError getting session: Error: Dynamic server usage: Route /dashboard couldn't be rendered statically because it used `cookies`. See more info here: https://nextjs.org/docs/messages/dynamic-server-error
    at y (.next/server/chunks/ssr/_0ng-fzg._.js:2:35126)
    at n (.next/server/chunks/ssr/_0ng-fzg._.js:5:8951)
    at c (.next/server/chunks/ssr/_0ng-fzg._.js:5:22326)
    at h (.next/server/chunks/ssr/_0ng-fzg._.js:5:39963)
    at p (.next/server/chunks/ssr/[root-of-the-server]__0e0oicu._.js:3:546)
    at stringify (<anonymous>) {
  description: [32m"Route /dashboard couldn't be rendered statically because it used `cookies`. See more info here: https://nextjs.org/docs/messages/dynamic-server-error"[39m,
  digest: [32m'DYNAMIC_SERVER_USAGE'[39m
}
Error getting session: Error: Dynamic server usage: Route /basket-goals couldn't be rendered statically because it used `cookies`. See more info here: https://nextjs.org/docs/messages/dynamic-server-error
    at y (.next/server/chunks/ssr/_0ng-fzg._.js:2:35126)
    at n (.next/server/chunks/ssr/_0ng-fzg._.js:5:8951)
    at c (.next/server/chunks/ssr/_0ng-fzg._.js:5:22326)
    at h (.next/server/chunks/ssr/_0ng-fzg._.js:5:39963)
    at n (.next/server/chunks/ssr/[root-of-the-server]__0e5u94q._.js:2:3755)
    at stringify (<anonymous>) {
  description: [32m"Route /basket-goals couldn't be rendered statically because it used `cookies`. See more info here: https://nextjs.org/docs/messages/dynamic-server-error"[39m,
  digest: [32m'DYNAMIC_SERVER_USAGE'[39m
}
Error getting session: Error: Dynamic server usage: Route /deliveries couldn't be rendered statically because it used `cookies`. See more info here: https://nextjs.org/docs/messages/dynamic-server-error
    at y (.next/server/chunks/ssr/_0ng-fzg._.js:2:35126)
    at n (.next/server/chunks/ssr/_0ng-fzg._.js:5:8951)
    at c (.next/server/chunks/ssr/_0ng-fzg._.js:5:22326)
    at h (.next/server/chunks/ssr/_0ng-fzg._.js:5:39963)
    at m (.next/server/chunks/ssr/[root-of-the-server]__0bljm9s._.js:2:4665)
    at stringify (<anonymous>) {
  description: [32m"Route /deliveries couldn't be rendered statically because it used `cookies`. See more info here: https://nextjs.org/docs/messages/dynamic-server-error"[39m,
  digest: [32m'DYNAMIC_SERVER_USAGE'[39m
}
Error getting session: Error: Dynamic server usage: Route /profile couldn't be rendered statically because it used `cookies`. See more info here: https://nextjs.org/docs/messages/dynamic-server-error
    at y (.next/server/chunks/ssr/_0ng-fzg._.js:2:35126)
    at n (.next/server/chunks/ssr/_0ng-fzg._.js:5:8951)
    at c (.next/server/chunks/ssr/_0ng-fzg._.js:5:22326)
    at h (.next/server/chunks/ssr/_0ng-fzg._.js:5:39963)
    at n (.next/server/chunks/ssr/[root-of-the-server]__0a86t96._.js:2:3649)
    at stringify (<anonymous>) {
  description: [32m"Route /profile couldn't be rendered statically because it used `cookies`. See more info here: https://nextjs.org/docs/messages/dynamic-server-error"[39m,
  digest: [32m'DYNAMIC_SERVER_USAGE'[39m
}
Error getting session: Error: Dynamic server usage: Route /wallet couldn't be rendered statically because it used `cookies`. See more info here: https://nextjs.org/docs/messages/dynamic-server-error
    at y (.next/server/chunks/ssr/_0ng-fzg._.js:2:35126)
    at n (.next/server/chunks/ssr/_0ng-fzg._.js:5:8951)
    at c (.next/server/chunks/ssr/_0ng-fzg._.js:5:22326)
    at h (.next/server/chunks/ssr/_0ng-fzg._.js:5:39963)
    at m (.next/server/chunks/ssr/[root-of-the-server]__10ml606._.js:2:2759)
    at stringify (<anonymous>) {
  description: [32m"Route /wallet couldn't be rendered statically because it used `cookies`. See more info here: https://nextjs.org/docs/messages/dynamic-server-error"[39m,
  digest: [32m'DYNAMIC_SERVER_USAGE'[39m
}
[?25h[32m[1m✓[22m[39m Generating static pages using 7 workers (40/40) in 1135ms
[?25l[37m[1m [22m[39m Finalizing page optimization  [36m.[39m[2K[1G[?25h[37m[1m [22m[39m Finalizing page optimization in 45ms    [32m[1m✓[22m[39m Finalizing page optimization in 45ms 

[4mRoute (app)[24m
┌ ○ /
├ ○ /_not-found
├ ƒ /api/auth/current
├ ƒ /api/auth/forgot-password
├ ƒ /api/auth/login
├ ƒ /api/auth/logout
├ ƒ /api/auth/register
├ ƒ /api/auth/resend-otp
├ ƒ /api/auth/reset-password
├ ƒ /api/auth/session
├ ƒ /api/auth/verify-email
├ ƒ /api/baskets
├ ƒ /api/baskets/[id]
├ ƒ /api/baskets/[id]/add-funds
├ ƒ /api/baskets/[id]/cancel
├ ƒ /api/baskets/[id]/continue
├ ƒ /api/baskets/[id]/expire
├ ƒ /api/commodities
├ ƒ /api/cron/check-price-changes
├ ƒ /api/cron/cleanup-transactions
├ ƒ /api/cron/daily
├ ƒ /api/cron/goal-reminders
├ ƒ /api/cron/pause-expired-goals
├ ○ /api/delivery
├ ƒ /api/delivery/[id]/rate
├ ƒ /api/delivery/request
├ ƒ /api/delivery/status
├ ƒ /api/maintenance/status
├ ƒ /api/maps/autocomplete
├ ƒ /api/notifications
├ ƒ /api/onboarding/chat
├ ƒ /api/payment-methods
├ ƒ /api/ping
├ ƒ /api/user/onboarding
├ ƒ /api/wallet
├ ƒ /api/wallet/deposit
├ ƒ /api/wallet/transfer
├ ƒ /api/wallet/verify-payment
├ ƒ /api/wallet/webhook
├ ○ /auth
├ ○ /auth/forgot-password
├ ○ /auth/reset-password
├ ƒ /basket-goals
├ ƒ /basket-goals/delivery/[basketId]
├ ƒ /dashboard
├ ƒ /deliveries
├ ○ /maintenance
├ ○ /market
├ ○ /privacy
├ ƒ /profile
├ ○ /terms
└ ƒ /wallet


ƒ Proxy (Middleware)

○  (Static)   prerendered as static content
ƒ  (Dynamic)  server-rendered on demand

[?25h
